Projet_RV/Library/Bee/Android/Prj/IL2CPP/Gradle/launcher/build/intermediates/manifest_merge_blame_file/release/manifest-merger-blame-release-report.txt
1<?xml version="1.0" encoding="utf-8"?>
2<manifest xmlns:android="http://schemas.android.com/apk/res/android"
3    package="com.DefaultCompany.Projet_RV"
4    android:installLocation="auto"
5    android:versionCode="1"
6    android:versionName="0.1" >
7
8    <uses-sdk
9        android:minSdkVersion="24"
9-->src\main\AndroidManifest.xml
10        android:targetSdkVersion="30" />
10-->src\main\AndroidManifest.xml
11
12    <supports-screens
12-->src\main\AndroidManifest.xml:3:3-163
13        android:anyDensity="true"
13-->src\main\AndroidManifest.xml:3:135-160
14        android:largeScreens="true"
14-->src\main\AndroidManifest.xml:3:78-105
15        android:normalScreens="true"
15-->src\main\AndroidManifest.xml:3:49-77
16        android:smallScreens="true"
16-->src\main\AndroidManifest.xml:3:21-48
17        android:xlargeScreens="true" />
17-->src\main\AndroidManifest.xml:3:106-134
18
19    <uses-feature android:glEsVersion="0x00030000" />
19-->[:unityLibrary] AndroidManifest.xml:12:5-54
19-->[:unityLibrary] AndroidManifest.xml:12:19-51
20    <uses-feature
20-->[:unityLibrary] AndroidManifest.xml:13:5-15:36
21        android:name="android.hardware.vulkan.version"
21-->[:unityLibrary] AndroidManifest.xml:14:9-55
22        android:required="false" />
22-->[:unityLibrary] AndroidManifest.xml:15:9-33
23
24    <uses-permission android:name="android.permission.INTERNET" />
24-->[:unityLibrary] AndroidManifest.xml:17:5-67
24-->[:unityLibrary] AndroidManifest.xml:17:22-64
25    <uses-permission android:name="android.permission.ACCESS_NETWORK_STATE" />
25-->[:unityLibrary] AndroidManifest.xml:18:5-79
25-->[:unityLibrary] AndroidManifest.xml:18:22-76
26    <uses-permission android:name="android.permission.RECORD_AUDIO" />
26-->[:unityLibrary] AndroidManifest.xml:19:5-71
26-->[:unityLibrary] AndroidManifest.xml:19:22-68
27    <uses-permission android:name="android.permission.MODIFY_AUDIO_SETTINGS" />
27-->[:unityLibrary] AndroidManifest.xml:20:5-80
27-->[:unityLibrary] AndroidManifest.xml:20:22-77
28    <uses-permission android:name="android.permission.BLUETOOTH" />
28-->[:unityLibrary] AndroidManifest.xml:21:5-68
28-->[:unityLibrary] AndroidManifest.xml:21:22-65
29
30    <uses-feature
30-->[:unityLibrary] AndroidManifest.xml:23:5-25:36
31        android:name="android.hardware.microphone"
31-->[:unityLibrary] AndroidManifest.xml:24:9-51
32        android:required="false" />
32-->[:unityLibrary] AndroidManifest.xml:25:9-33
33    <uses-feature
33-->[:unityLibrary] AndroidManifest.xml:26:5-28:36
34        android:name="android.hardware.touchscreen"
34-->[:unityLibrary] AndroidManifest.xml:27:9-52
35        android:required="false" />
35-->[:unityLibrary] AndroidManifest.xml:28:9-33
36    <uses-feature
36-->[:unityLibrary] AndroidManifest.xml:29:5-31:36
37        android:name="android.hardware.touchscreen.multitouch"
37-->[:unityLibrary] AndroidManifest.xml:30:9-63
38        android:required="false" />
38-->[:unityLibrary] AndroidManifest.xml:31:9-33
39    <uses-feature
39-->[:unityLibrary] AndroidManifest.xml:32:5-34:36
40        android:name="android.hardware.touchscreen.multitouch.distinct"
40-->[:unityLibrary] AndroidManifest.xml:33:9-72
41        android:required="false" />
41-->[:unityLibrary] AndroidManifest.xml:34:9-33
42    <uses-feature
42-->[:unityLibrary] AndroidManifest.xml:35:5-38:31
43        android:name="android.hardware.vr.headtracking"
43-->[:unityLibrary] AndroidManifest.xml:36:9-56
44        android:required="true"
44-->[:unityLibrary] AndroidManifest.xml:37:9-32
45        android:version="1" />
45-->[:unityLibrary] AndroidManifest.xml:38:9-28
46
47    <application
47-->src\main\AndroidManifest.xml:4:3-83
48        android:allowBackup="false"
48-->[:unityLibrary] AndroidManifest.xml:41:9-36
49        android:extractNativeLibs="true"
49-->[:unityLibrary] AndroidManifest.xml:42:9-41
50        android:icon="@mipmap/app_icon"
50-->src\main\AndroidManifest.xml:4:49-80
51        android:label="@string/app_name"
51-->src\main\AndroidManifest.xml:4:16-48
52        android:networkSecurityConfig="@xml/network_sec_config" >
52-->[:unityLibrary] AndroidManifest.xml:45:9-64
53        <activity
53-->[:unityLibrary] AndroidManifest.xml:46:9-70:20
54            android:name="com.unity3d.player.UnityPlayerActivity"
54-->[:unityLibrary] AndroidManifest.xml:47:13-66
55            android:configChanges="mcc|mnc|locale|touchscreen|keyboard|keyboardHidden|navigation|orientation|screenLayout|uiMode|screenSize|smallestScreenSize|fontScale|layoutDirection|density"
55-->[:unityLibrary] AndroidManifest.xml:48:13-194
56            android:hardwareAccelerated="false"
56-->[:unityLibrary] AndroidManifest.xml:49:13-48
57            android:launchMode="singleTask"
57-->[:unityLibrary] AndroidManifest.xml:50:13-44
58            android:resizeableActivity="false"
58-->[:unityLibrary] AndroidManifest.xml:51:13-47
59            android:screenOrientation="landscape"
59-->[:unityLibrary] AndroidManifest.xml:52:13-50
60            android:theme="@style/UnityThemeSelector" >
60-->[:unityLibrary] AndroidManifest.xml:53:13-54
61            <intent-filter>
61-->[:unityLibrary] AndroidManifest.xml:54:13-59:29
62                <action android:name="android.intent.action.MAIN" />
62-->[:unityLibrary] AndroidManifest.xml:55:17-69
62-->[:unityLibrary] AndroidManifest.xml:55:25-66
63
64                <category android:name="android.intent.category.LAUNCHER" />
64-->[:unityLibrary] AndroidManifest.xml:57:17-77
64-->[:unityLibrary] AndroidManifest.xml:57:27-74
65                <category android:name="com.oculus.intent.category.VR" />
65-->[:unityLibrary] AndroidManifest.xml:58:17-74
65-->[:unityLibrary] AndroidManifest.xml:58:27-71
66            </intent-filter>
67
68            <meta-data
68-->[:unityLibrary] AndroidManifest.xml:61:13-63:40
69                android:name="unityplayer.UnityActivity"
69-->[:unityLibrary] AndroidManifest.xml:62:17-57
70                android:value="true" />
70-->[:unityLibrary] AndroidManifest.xml:63:17-37
71            <meta-data
71-->[:unityLibrary] AndroidManifest.xml:64:13-66:40
72                android:name="android.notch_support"
72-->[:unityLibrary] AndroidManifest.xml:65:17-53
73                android:value="true" />
73-->[:unityLibrary] AndroidManifest.xml:66:17-37
74            <meta-data
74-->[:unityLibrary] AndroidManifest.xml:67:13-69:40
75                android:name="com.oculus.vr.focusaware"
75-->[:unityLibrary] AndroidManifest.xml:68:17-56
76                android:value="true" />
76-->[:unityLibrary] AndroidManifest.xml:69:17-37
77        </activity>
78
79        <meta-data
79-->[:unityLibrary] AndroidManifest.xml:72:9-74:33
80            android:name="unity.splash-mode"
80-->[:unityLibrary] AndroidManifest.xml:73:13-45
81            android:value="0" />
81-->[:unityLibrary] AndroidManifest.xml:74:13-30
82        <meta-data
82-->[:unityLibrary] AndroidManifest.xml:75:9-77:36
83            android:name="unity.splash-enable"
83-->[:unityLibrary] AndroidManifest.xml:76:13-47
84            android:value="True" />
84-->[:unityLibrary] AndroidManifest.xml:77:13-33
85        <meta-data
85-->[:unityLibrary] AndroidManifest.xml:78:9-80:36
86            android:name="unity.launch-fullscreen"
86-->[:unityLibrary] AndroidManifest.xml:79:13-51
87            android:value="True" />
87-->[:unityLibrary] AndroidManifest.xml:80:13-33
88        <meta-data
88-->[:unityLibrary] AndroidManifest.xml:81:9-83:37
89            android:name="unity.allow-resizable-window"
89-->[:unityLibrary] AndroidManifest.xml:82:13-56
90            android:value="False" />
90-->[:unityLibrary] AndroidManifest.xml:83:13-34
91        <meta-data
91-->[:unityLibrary] AndroidManifest.xml:84:9-86:50
92            android:name="notch.config"
92-->[:unityLibrary] AndroidManifest.xml:85:13-40
93            android:value="portrait|landscape" />
93-->[:unityLibrary] AndroidManifest.xml:86:13-47
94        <meta-data
94-->[:unityLibrary] AndroidManifest.xml:87:9-89:44
95            android:name="com.oculus.supportedDevices"
95-->[:unityLibrary] AndroidManifest.xml:88:13-55
96            android:value="quest|quest2" />
96-->[:unityLibrary] AndroidManifest.xml:89:13-41
97    </application>
98
99</manifest>